--- FAIL: TestValidHostableURL (0.00s)
    --- FAIL: TestValidHostableURL/includes_host (0.00s)
        Error Trace:    hostable_url_test.go:28
        Error:          Not equal: "http://www.example.com/foo" (expected)
                                != "foo" (actual)
